# JRE version: OpenJDK Runtime Environment (11.0.4+10) (build 11.0.4+10-b304.69)
# Java VM: OpenJDK 64-Bit Server VM (11.0.4+10-b304.69, mixed mode, tiered, compressed oops, g1 gc, linux-amd64)
Heap:
 garbage-first heap   total 188416K, used 145920K [0x0000000748c00000, 0x0000000800000000)
  region size 1024K, 14 young (14336K), 4 survivors (4096K)
 Metaspace       used 12990K, capacity 13325K, committed 13440K, reserved 1060864K
  class space    used 1283K, capacity 1391K, committed 1408K, reserved 1048576K
GC Heap History (10 events):
Event: 2.727 GC heap before
{Heap before GC invocations=2 (full 0):
 garbage-first heap   total 188416K, used 18913K [0x0000000748c00000, 0x0000000800000000)
  region size 1024K, 9 young (9216K), 2 survivors (2048K)
 Metaspace       used 9365K, capacity 9486K, committed 9728K, reserved 1058816K
  class space    used 887K, capacity 925K, committed 1024K, reserved 1048576K
}
Event: 2.731 GC heap after
{Heap after GC invocations=3 (full 0):
 garbage-first heap   total 188416K, used 20255K [0x0000000748c00000, 0x0000000800000000)
  region size 1024K, 2 young (2048K), 2 survivors (2048K)
 Metaspace       used 9365K, capacity 9486K, committed 9728K, reserved 1058816K
  class space    used 887K, capacity 925K, committed 1024K, reserved 1048576K
}
Event: 2.901 GC heap before
{Heap before GC invocations=3 (full 0):
 garbage-first heap   total 188416K, used 30495K [0x0000000748c00000, 0x0000000800000000)
  region size 1024K, 13 young (13312K), 2 survivors (2048K)
 Metaspace       used 9365K, capacity 9486K, committed 9728K, reserved 1058816K
  class space    used 887K, capacity 925K, committed 1024K, reserved 1048576K
}
Event: 2.918 GC heap after
{Heap after GC invocations=4 (full 0):
 garbage-first heap   total 188416K, used 32256K [0x0000000748c00000, 0x0000000800000000)
  region size 1024K, 2 young (2048K), 2 survivors (2048K)
 Metaspace       used 9365K, capacity 9486K, committed 9728K, reserved 1058816K
  class space    used 887K, capacity 925K, committed 1024K, reserved 1048576K
}
Event: 3.078 GC heap before
{Heap before GC invocations=4 (full 0):
 garbage-first heap   total 188416K, used 44544K [0x0000000748c00000, 0x0000000800000000)
  region size 1024K, 15 young (15360K), 2 survivors (2048K)
 Metaspace       used 9365K, capacity 9486K, committed 9728K, reserved 1058816K
  class space    used 887K, capacity 925K, committed 1024K, reserved 1048576K
}
Event: 3.084 GC heap after
{Heap after GC invocations=5 (full 0):
 garbage-first heap   total 188416K, used 46080K [0x0000000748c00000, 0x0000000800000000)
  region size 1024K, 2 young (2048K), 2 survivors (2048K)
 Metaspace       used 9365K, capacity 9486K, committed 9728K, reserved 1058816K
  class space    used 887K, capacity 925K, committed 1024K, reserved 1048576K
}
Event: 3.402 GC heap before
{Heap before GC invocations=5 (full 0):
 garbage-first heap   total 188416K, used 64512K [0x0000000748c00000, 0x0000000800000000)
  region size 1024K, 20 young (20480K), 2 survivors (2048K)
 Metaspace       used 9365K, capacity 9486K, committed 9728K, reserved 1058816K
  class space    used 887K, capacity 925K, committed 1024K, reserved 1048576K
}
Event: 3.432 GC heap after
{Heap after GC invocations=6 (full 0):
 garbage-first heap   total 188416K, used 65024K [0x0000000748c00000, 0x0000000800000000)
  region size 1024K, 3 young (3072K), 3 survivors (3072K)
 Metaspace       used 9365K, capacity 9486K, committed 9728K, reserved 1058816K
  class space    used 887K, capacity 925K, committed 1024K, reserved 1048576K
}
Event: 3.473 GC heap before
{Heap before GC invocations=6 (full 0):
 garbage-first heap   total 188416K, used 70144K [0x0000000748c00000, 0x0000000800000000)
  region size 1024K, 9 young (9216K), 3 survivors (3072K)
 Metaspace       used 9365K, capacity 9486K, committed 9728K, reserved 1058816K
  class space    used 887K, capacity 925K, committed 1024K, reserved 1048576K
}
Event: 3.478 GC heap after
{Heap after GC invocations=7 (full 0):
 garbage-first heap   total 188416K, used 71168K [0x0000000748c00000, 0x0000000800000000)
  region size 1024K, 4 young (4096K), 4 survivors (4096K)
 Metaspace       used 9365K, capacity 9486K, committed 9728K, reserved 1058816K
  class space    used 887K, capacity 925K, committed 1024K, reserved 1048576K
}

